HolaPredicted_Value:>50K - Date:2023-12-0700:16:26Error:2023-12-07 00:34:14
Predicted_Value:>50K - Date:2023-12-07 00:35:25
Predicted_Value:>50K - Date:2023-12-07 00:35:26
Predicted_Value:>50K - Date:2023-12-07 00:35:26
Predicted_Value:>50K - Date:2023-12-07 00:35:51
Predicted_Value:>50K - Date:2023-12-07 00:35:51
Predicted_Value:>50K - Date:2023-12-07 00:35:51
Predicted_Value:>50K - Date:2023-12-07 00:40:07
Predicted_Value:>50K - Date:2023-12-07 00:40:08
Predicted_Value:>50K - Date:2023-12-07 00:40:08
Predicted_Value:>50K - Date:2023-12-07 00:40:15
Predicted_Value:>50K - Date:2023-12-07 00:40:15
Predicted_Value:>50K - Date:2023-12-07 00:40:16
Predicted_Value:>50K - Date:2023-12-07 00:40:20
Predicted_Value:>50K - Date:2023-12-07 00:40:21
Predicted_Value:>50K - Date:2023-12-07 00:40:21
Predicted_Value:>50K - Date:2023-12-0700:40:28Predicted_Value:>50K - Date:2023-12-0700:40:35Predicted_Value:>50K - Date:2023-12-0700:40:40Model: Pipeline(memory=Memory(location=None),
         steps=[('label_encoding',
                 TransformerWrapperWithInverse(transformer=LabelEncoder())),
                ('numerical_imputer',
                 TransformerWrapper(include=['age', 'fnlwgt', 'educational-num',
                                             'capital-gain', 'capital-loss',
                                             'hours-per-week'],
                                    transformer=KNNImputer())),
                ('categorical_imputer',
                 TransformerWrapper(include=['workclass', 'educati...
                ('balance',
                 TransformerWrapper(transformer=FixImbalancer(estimator=ADASYN(random_state=2023)))),
                ('transformation',
                 TransformerWrapper(transformer=QuantileTransformer(output_distribution='normal',
                                                                    random_state=2023))),
                ('clean_column_names',
                 TransformerWrapper(transformer=CleanColumnNames())),
                ('actual_estimator',
                 LGBMClassifier(n_jobs=-1, random_state=2023))]) - Predicted_Value:>50K - Date:2023-12-0700:42:23Model: lightgbm (model 1) - Predicted_Value:>50K - Date:2023-12-0700:45:15Model: lightgbm (model 3) - Predicted_Value:>50K - Date:2023-12-0700:45:21Model: lightgbm for batches (model 3) - Predicted_Value:>50K - Date:2023-12-07 00:45:26
Model: lightgbm for batches (model 3) - Predicted_Value:>50K - Date:2023-12-07 00:45:26
Model: lightgbm for batches (model 3) - Predicted_Value:>50K - Date:2023-12-07 00:45:26
Model: lightgbm for batches (model 2) - Predicted_Value:>50K - Date:2023-12-07 00:45:30
Model: lightgbm for batches (model 2) - Predicted_Value:>50K - Date:2023-12-07 00:45:30
Model: lightgbm for batches (model 2) - Predicted_Value:>50K - Date:2023-12-07 00:45:31
Model: lightgbm (model 3) - Predicted_Value:>50K - Date:2023-12-0700:45:49Model: lightgbm (model 2) - Predicted_Value:>50K - Date:2023-12-0700:45:55Model: lightgbm (model 2) - Predicted_Value:>50K - Date:2023-12-0700:45:59Model: lightgbm (model 2) - Predicted_Value:>50K - Date:2023-12-0700:47:03Model: lightgbm (model 1) - Predicted_Value:>50K - Date:2023-12-0700:47:14Model: lightgbm (model 3) - Predicted_Value:>50K - Date:2023-12-0700:47:21Model: lightgbm (model 3) - Predicted_Value:>50K - Date:2023-12-0720:25:31Model: lightgbm (model 3) - Predicted_Value:>50K - Date:2023-12-07 20:25:56
Model: lightgbm (model 3) - Predicted_Value:>50K - Date:2023-12-09 06:35:25
Model: lightgbm (model 1) - Predicted_Value:>50K - Date:2023-12-09 06:40:38
Model: lightgbm (model 1) - Predicted_Value:>50K - Date:2023-12-09 06:41:33
Model: lightgbm (model 2) - Predicted_Value:>50K - Date:2023-12-09 06:41:35
Model: lightgbm (model 2) - Predicted_Value:>50K - Date:2023-12-09 06:41:57
Error:2023-12-09 06:41:57
Model: lightgbm (model 2) - Predicted_Value:>50K - Date:2023-12-09 06:42:01
Error:2023-12-09 06:42:01
Error:2023-12-09 06:42:01
Model: lightgbm (model 2) - Predicted_Value:>50K - Date:2023-12-09 06:42:04
Error:2023-12-09 06:42:04
Model: lightgbm (model 2) - Predicted_Value:>50K - Date:2023-12-09 06:42:06
Model: lightgbm (model 1) - Predicted_Value:>50K - Date:2023-12-09 07:14:45
Model: lightgbm (model 1) - Predicted_Value:>50K - Date:2023-12-09 07:22:35
Model: lightgbm (model 1) - Predicted_Value:>50K - Date:2023-12-09 07:22:43
Model: lightgbm (model 1) - Predicted_Value:>50K - Date:2023-12-09 07:22:46
Model: lightgbm (model 1) - Predicted_Value:>50K - Date:2023-12-09 07:22:56
Model: lightgbm (model 1) - Predicted_Value:>50K - Date:2023-12-09 07:23:02
Model: lightgbm (model 1) - Predicted_Value:>50K - Date:2023-12-09 07:23:06
Model: lightgbm (model 1) - Predicted_Value:>50K - Date:2023-12-09 07:23:09
Model: lightgbm (model 1) - Predicted_Value:>50K - Date:2023-12-09 07:23:13
Model: lightgbm (model 1) - Predicted_Value:<=50K - Date:2023-12-09 07:23:37
Model: lightgbm (model 2) - Predicted_Value:<=50K - Date:2023-12-09 07:23:46
Model: lightgbm (model 3) - Predicted_Value:<=50K - Date:2023-12-09 07:23:50
Model: lightgbm (model 3) - Predicted_Value:<=50K - Date:2023-12-09 07:23:54
Model: lightgbm (model 3) - Predicted_Value:<=50K - Date:2023-12-09 07:24:00
Model: lightgbm (model 3) - Predicted_Value:>50K - Date:2023-12-09 07:24:05
Model: lightgbm (model 1) - Predicted_Value:>50K - Date:2023-12-09 08:46:30
Model: lightgbm (model 1) - Predicted_Value:>50K - Date:2023-12-09 08:46:39
Model: lightgbm (model 1) - Predicted_Value:>50K - Date:2023-12-09 08:47:00
Model: lightgbm (model 1) - Predicted_Value:<=50K - Date:2023-12-09 08:47:19
Model: lightgbm (model 2) - Predicted_Value:<=50K - Date:2023-12-09 08:47:26
Model: lightgbm (model 3) - Predicted_Value:<=50K - Date:2023-12-09 08:47:31
Error:2023-12-09 09:03:57
Error:2023-12-09 09:11:42
Error:2023-12-09 09:11:51
Error:2023-12-09 09:20:27
Error:2023-12-09 09:29:31
Error:2023-12-09 09:37:38
Error:2023-12-09 09:37:41
Error:2023-12-09 09:39:06
Error:2023-12-09 09:39:08
Error:2023-12-09 09:40:06
Error:2023-12-09 09:40:06
Error:2023-12-09 09:40:07
Error:2023-12-09 09:40:07
Error:2023-12-09 09:40:07
Error:2023-12-09 09:40:07
Error:2023-12-09 09:40:07
Error:2023-12-09 09:40:07
Error:2023-12-09 09:40:07
Error:2023-12-09 09:40:07
Error:2023-12-09 09:40:07
Error:2023-12-09 09:40:07
Error:2023-12-09 09:40:07
Error:2023-12-09 09:40:07
Error:2023-12-09 09:40:07
Error:2023-12-09 09:40:07
Error:2023-12-09 09:40:07
Error:2023-12-09 09:40:07
Error:2023-12-09 09:40:07
Error:2023-12-09 09:40:07
Error:2023-12-09 09:40:07
Error:2023-12-09 09:40:07
Error:2023-12-09 09:40:07
Error:2023-12-09 09:40:07
Error:2023-12-09 09:40:07
Error:2023-12-09 09:40:07
Error:2023-12-09 09:40:07
Error:2023-12-09 09:40:08
Error:2023-12-09 09:40:08
Error:2023-12-09 09:40:08
Error:2023-12-09 09:40:08
Error:2023-12-09 09:40:08
Error:2023-12-09 09:40:08
Error:2023-12-09 09:40:08
Error:2023-12-09 09:40:08
Error:2023-12-09 09:40:08
Error:2023-12-09 09:40:08
Error:2023-12-09 09:40:08
Error:2023-12-09 09:40:08
Error:2023-12-09 09:40:08
Error:2023-12-09 09:40:08
Error:2023-12-09 09:40:08
Error:2023-12-09 09:40:08
Error:2023-12-09 09:40:08
Error:2023-12-09 09:40:08
Error:2023-12-09 09:40:08
Error:2023-12-09 09:40:08
Error:2023-12-09 09:40:08
Error:2023-12-09 09:40:08
Error:2023-12-09 09:40:09
Error:2023-12-09 09:40:09
Error:2023-12-09 09:40:09
Error:2023-12-09 09:40:09
Error:2023-12-09 09:40:09
Error:2023-12-09 09:40:09
Error:2023-12-09 09:40:09
Error:2023-12-09 09:40:09
Error:2023-12-09 09:40:09
Error:2023-12-09 09:40:09
Error:2023-12-09 09:40:09
Error:2023-12-09 09:40:09
Error:2023-12-09 09:40:09
Error:2023-12-09 09:40:09
Error:2023-12-09 09:40:09
Error:2023-12-09 09:40:09
Error:2023-12-09 09:40:09
Error:2023-12-09 09:40:09
Error:2023-12-09 09:40:09
Error:2023-12-09 09:40:09
Error:2023-12-09 09:40:09
Error:2023-12-09 09:40:09
Error:2023-12-09 09:40:10
Error:2023-12-09 09:40:10
Error:2023-12-09 09:40:10
Error:2023-12-09 09:40:10
Error:2023-12-09 09:40:10
Error:2023-12-09 09:40:10
Error:2023-12-09 09:40:10
Error:2023-12-09 09:40:10
Error:2023-12-09 09:40:10
Error:2023-12-09 09:40:10
Error:2023-12-09 09:40:10
Error:2023-12-09 09:40:10
Error:2023-12-09 09:40:10
Error:2023-12-09 09:40:10
Error:2023-12-09 09:40:10
Error:2023-12-09 09:40:10
Error:2023-12-09 09:40:10
Error:2023-12-09 09:40:10
Error:2023-12-09 09:40:10
Error:2023-12-09 09:40:10
Error:2023-12-09 09:40:10
Error:2023-12-09 09:40:11
Error:2023-12-09 09:40:11
Error:2023-12-09 09:40:11
Error:2023-12-09 09:40:11
Error:2023-12-09 09:40:11
Error:2023-12-09 09:40:11
Error:2023-12-09 09:40:11
Error:2023-12-09 09:40:11
Error:2023-12-09 09:40:11
Error:2023-12-09 09:40:11
Error:2023-12-09 09:40:11
Error:2023-12-09 09:40:11
Error:2023-12-09 09:40:11
Error:2023-12-09 09:40:11
Error:2023-12-09 09:40:11
Error:2023-12-09 09:40:11
Error:2023-12-09 09:40:11
Error:2023-12-09 09:40:11
Error:2023-12-09 09:40:12
Error:2023-12-09 09:40:12
Error:2023-12-09 09:40:12
Error:2023-12-09 09:40:12
Error:2023-12-09 09:40:12
Error:2023-12-09 09:40:12
Error:2023-12-09 09:40:12
Error:2023-12-09 09:40:12
Error:2023-12-09 09:40:12
Error:2023-12-09 09:40:12
Error:2023-12-09 09:40:12
Error:2023-12-09 09:40:12
Error:2023-12-09 09:40:12
Error:2023-12-09 09:40:12
Error:2023-12-09 09:40:12
Error:2023-12-09 09:40:13
Error:2023-12-09 09:40:13
Error:2023-12-09 09:40:13
Error:2023-12-09 09:40:13
Error:2023-12-09 09:40:13
Error:2023-12-09 09:40:13
Error:2023-12-09 09:40:13
Error:2023-12-09 09:40:13
Error:2023-12-09 09:40:13
Error:2023-12-09 09:40:13
Error:2023-12-09 09:40:13
Error:2023-12-09 09:40:13
Error:2023-12-09 09:40:13
Error:2023-12-09 09:40:13
Error:2023-12-09 09:40:13
Error:2023-12-09 09:40:13
Error:2023-12-09 09:40:13
Error:2023-12-09 09:40:14
Error:2023-12-09 09:40:14
Error:2023-12-09 09:40:14
Error:2023-12-09 09:40:14
Error:2023-12-09 09:40:14
Error:2023-12-09 09:40:14
Error:2023-12-09 09:40:14
Error:2023-12-09 09:40:14
Error:2023-12-09 09:40:14
Error:2023-12-09 09:40:14
Error:2023-12-09 09:40:14
Error:2023-12-09 09:40:14
Error:2023-12-09 09:40:14
Error:2023-12-09 09:40:14
Error:2023-12-09 09:40:14
Error:2023-12-09 09:40:15
Error:2023-12-09 09:40:15
Error:2023-12-09 09:40:15
Error:2023-12-09 09:40:15
Error:2023-12-09 09:40:15
Error:2023-12-09 09:40:15
Error:2023-12-09 09:40:15
Error:2023-12-09 09:40:15
Error:2023-12-09 09:40:15
Error:2023-12-09 09:40:15
Error:2023-12-09 09:40:15
Error:2023-12-09 09:40:15
Error:2023-12-09 09:40:15
Error:2023-12-09 09:40:15
Error:2023-12-09 09:40:15
Error:2023-12-09 09:40:15
Error:2023-12-09 09:40:15
Error:2023-12-09 09:40:16
Error:2023-12-09 09:40:16
Error:2023-12-09 09:40:16
Error:2023-12-09 09:40:16
Error:2023-12-09 09:40:16
Error:2023-12-09 09:40:16
Error:2023-12-09 09:40:16
Error:2023-12-09 09:40:16
Error:2023-12-09 09:40:16
Error:2023-12-09 09:40:16
Error:2023-12-09 09:40:16
Error:2023-12-09 09:40:16
Error:2023-12-09 09:40:16
Error:2023-12-09 09:40:16
Error:2023-12-09 09:40:16
Error:2023-12-09 09:40:17
Error:2023-12-09 09:40:17
Error:2023-12-09 09:40:17
Error:2023-12-09 09:40:17
Error:2023-12-09 09:40:17
Error:2023-12-09 09:40:17
Error:2023-12-09 09:40:17
Error:2023-12-09 09:40:17
Error:2023-12-09 09:40:17
Error:2023-12-09 09:40:17
Error:2023-12-09 09:40:17
Error:2023-12-09 09:40:17
Error:2023-12-09 09:40:17
Error:2023-12-09 09:40:18
Error:2023-12-09 09:40:18
Error:2023-12-09 09:40:18
Error:2023-12-09 09:40:18
Error:2023-12-09 09:40:18
Error:2023-12-09 09:40:18
Error:2023-12-09 09:40:18
Error:2023-12-09 09:40:18
Error:2023-12-09 09:40:18
Error:2023-12-09 09:40:18
Error:2023-12-09 09:40:19
Error:2023-12-09 09:40:19
Error:2023-12-09 09:40:19
Error:2023-12-09 09:40:19
Error:2023-12-09 09:40:19
Error:2023-12-09 09:40:19
Error:2023-12-09 09:40:19
Error:2023-12-09 09:40:19
Error:2023-12-09 09:40:19
Error:2023-12-09 09:40:19
Error:2023-12-09 09:40:20
Error:2023-12-09 09:40:20
Error:2023-12-09 09:40:20
Error:2023-12-09 09:40:20
Error:2023-12-09 09:40:20
Error:2023-12-09 09:40:20
Error:2023-12-09 09:40:20
Error:2023-12-09 09:40:20
Error:2023-12-09 09:40:20
Error:2023-12-09 09:40:21
Error:2023-12-09 09:40:21
Error:2023-12-09 09:40:21
Error:2023-12-09 09:40:21
Error:2023-12-09 09:40:21
Error:2023-12-09 09:40:21
Error:2023-12-09 09:40:21
Error:2023-12-09 09:40:21
Error:2023-12-09 09:40:21
Error:2023-12-09 09:40:21
Error:2023-12-09 09:40:21
Error:2023-12-09 09:40:22
Error:2023-12-09 09:40:22
Error:2023-12-09 09:40:22
Error:2023-12-09 09:40:22
Error:2023-12-09 09:40:22
Error:2023-12-09 09:40:22
Error:2023-12-09 09:40:22
Error:2023-12-09 09:40:22
Error:2023-12-09 09:40:22
Error:2023-12-09 09:40:23
Error:2023-12-09 09:40:23
Error:2023-12-09 09:40:23
Error:2023-12-09 09:40:23
Error:2023-12-09 09:40:23
Error:2023-12-09 09:40:23
Error:2023-12-09 09:40:23
Error:2023-12-09 09:40:23
Error:2023-12-09 09:40:23
Error:2023-12-09 09:40:24
Error:2023-12-09 09:40:24
Error:2023-12-09 09:40:24
Error:2023-12-09 09:40:24
Error:2023-12-09 09:40:24
Model: lightgbm (model 1) - Predicted_Value:>50K - Date:2023-12-09 09:40:53
Error:2023-12-09 09:40:56
Error:2023-12-09 09:40:56
Error:2023-12-09 09:40:56
Error:2023-12-09 09:40:56
Error:2023-12-09 09:40:56
Error:2023-12-09 09:40:56
Error:2023-12-09 09:40:56
Error:2023-12-09 09:40:56
Error:2023-12-09 09:40:56
Error:2023-12-09 09:40:56
Error:2023-12-09 09:40:56
Error:2023-12-09 09:40:57
Error:2023-12-09 09:40:57
Error:2023-12-09 09:40:57
Error:2023-12-09 09:40:57
Error:2023-12-09 09:40:57
Error:2023-12-09 09:40:57
Error:2023-12-09 09:40:57
Error:2023-12-09 09:40:57
Error:2023-12-09 09:40:57
Error:2023-12-09 09:40:57
Error:2023-12-09 09:40:57
Error:2023-12-09 09:40:57
Error:2023-12-09 09:40:57
Error:2023-12-09 09:40:57
Error:2023-12-09 09:40:57
Error:2023-12-09 09:40:57
Error:2023-12-09 09:40:57
Error:2023-12-09 09:40:57
Error:2023-12-09 09:40:57
Error:2023-12-09 09:40:57
Error:2023-12-09 09:40:57
Error:2023-12-09 09:40:57
Error:2023-12-09 09:40:57
Error:2023-12-09 09:40:57
Error:2023-12-09 09:40:57
Error:2023-12-09 09:40:57
Error:2023-12-09 09:40:57
Error:2023-12-09 09:40:58
Error:2023-12-09 09:40:58
Error:2023-12-09 09:40:58
Error:2023-12-09 09:40:58
Error:2023-12-09 09:40:58
Error:2023-12-09 09:40:58
Error:2023-12-09 09:40:58
Error:2023-12-09 09:40:58
Error:2023-12-09 09:40:58
Error:2023-12-09 09:40:58
Error:2023-12-09 09:40:58
Error:2023-12-09 09:40:58
Error:2023-12-09 09:40:58
Error:2023-12-09 09:40:58
Error:2023-12-09 09:40:58
Error:2023-12-09 09:40:58
Error:2023-12-09 09:40:58
Error:2023-12-09 09:40:58
Error:2023-12-09 09:40:58
Error:2023-12-09 09:40:58
Error:2023-12-09 09:40:58
Error:2023-12-09 09:40:59
Error:2023-12-09 09:40:59
Error:2023-12-09 09:40:59
Error:2023-12-09 09:40:59
Error:2023-12-09 09:40:59
Error:2023-12-09 09:40:59
Error:2023-12-09 09:40:59
Error:2023-12-09 09:40:59
Error:2023-12-09 09:40:59
Error:2023-12-09 09:40:59
Error:2023-12-09 09:40:59
Error:2023-12-09 09:40:59
Error:2023-12-09 09:40:59
Error:2023-12-09 09:40:59
Error:2023-12-09 09:40:59
Error:2023-12-09 09:40:59
Error:2023-12-09 09:40:59
Error:2023-12-09 09:40:59
Error:2023-12-09 09:40:59
Error:2023-12-09 09:40:59
Error:2023-12-09 09:41:00
Error:2023-12-09 09:41:00
Error:2023-12-09 09:41:00
Error:2023-12-09 09:41:00
Error:2023-12-09 09:41:00
Error:2023-12-09 09:41:00
Error:2023-12-09 09:41:00
Error:2023-12-09 09:41:00
Error:2023-12-09 09:41:00
Error:2023-12-09 09:41:00
Error:2023-12-09 09:41:00
Error:2023-12-09 09:41:00
Error:2023-12-09 09:41:00
Error:2023-12-09 09:41:00
Error:2023-12-09 09:41:00
Error:2023-12-09 09:41:00
Error:2023-12-09 09:41:00
Error:2023-12-09 09:41:00
Error:2023-12-09 09:41:00
Error:2023-12-09 09:41:01
Error:2023-12-09 09:41:01
Error:2023-12-09 09:41:01
Error:2023-12-09 09:41:01
Error:2023-12-09 09:41:01
Error:2023-12-09 09:41:01
Error:2023-12-09 09:41:01
Error:2023-12-09 09:41:01
Error:2023-12-09 09:41:01
Error:2023-12-09 09:41:01
Error:2023-12-09 09:41:01
Error:2023-12-09 09:41:01
Error:2023-12-09 09:41:01
Error:2023-12-09 09:41:01
Error:2023-12-09 09:41:01
Error:2023-12-09 09:41:01
Error:2023-12-09 09:41:01
Error:2023-12-09 09:41:01
Error:2023-12-09 09:41:01
Error:2023-12-09 09:41:01
Error:2023-12-09 09:41:02
Error:2023-12-09 09:41:02
Error:2023-12-09 09:41:02
Error:2023-12-09 09:41:02
Error:2023-12-09 09:41:02
Error:2023-12-09 09:41:02
Error:2023-12-09 09:41:02
Error:2023-12-09 09:41:02
Error:2023-12-09 09:41:02
Error:2023-12-09 09:41:02
Error:2023-12-09 09:41:02
Error:2023-12-09 09:41:02
Error:2023-12-09 09:41:02
Error:2023-12-09 09:41:02
Error:2023-12-09 09:41:02
Error:2023-12-09 09:41:02
Error:2023-12-09 09:41:02
Error:2023-12-09 09:41:03
Error:2023-12-09 09:41:03
Error:2023-12-09 09:41:03
Error:2023-12-09 09:41:03
Error:2023-12-09 09:41:03
Error:2023-12-09 09:41:03
Error:2023-12-09 09:41:03
Error:2023-12-09 09:41:03
Error:2023-12-09 09:41:03
Error:2023-12-09 09:41:03
Error:2023-12-09 09:41:03
Error:2023-12-09 09:41:03
Error:2023-12-09 09:41:03
Error:2023-12-09 09:41:03
Error:2023-12-09 09:41:04
Error:2023-12-09 09:41:04
Error:2023-12-09 09:41:04
Error:2023-12-09 09:41:04
Error:2023-12-09 09:41:04
Error:2023-12-09 09:41:04
Error:2023-12-09 09:41:04
Error:2023-12-09 09:41:04
Error:2023-12-09 09:41:04
Error:2023-12-09 09:41:04
Error:2023-12-09 09:41:04
Error:2023-12-09 09:41:04
Error:2023-12-09 09:41:04
Error:2023-12-09 09:41:04
Error:2023-12-09 09:41:04
Error:2023-12-09 09:41:04
Error:2023-12-09 09:41:05
Error:2023-12-09 09:41:05
Error:2023-12-09 09:41:05
Error:2023-12-09 09:41:05
Error:2023-12-09 09:41:05
Error:2023-12-09 09:41:05
Error:2023-12-09 09:41:05
Error:2023-12-09 09:41:05
Error:2023-12-09 09:41:05
Error:2023-12-09 09:41:05
Error:2023-12-09 09:41:05
Error:2023-12-09 09:41:05
Error:2023-12-09 09:41:05
Error:2023-12-09 09:41:05
Error:2023-12-09 09:41:05
Error:2023-12-09 09:41:06
Error:2023-12-09 09:41:06
Error:2023-12-09 09:41:06
Error:2023-12-09 09:41:06
Error:2023-12-09 09:41:06
Error:2023-12-09 09:41:06
Error:2023-12-09 09:41:06
Error:2023-12-09 09:41:06
Error:2023-12-09 09:41:06
Error:2023-12-09 09:41:06
Error:2023-12-09 09:41:06
Error:2023-12-09 09:41:06
Error:2023-12-09 09:41:06
Error:2023-12-09 09:41:06
Error:2023-12-09 09:41:06
Error:2023-12-09 09:41:07
Error:2023-12-09 09:41:07
Error:2023-12-09 09:41:07
Error:2023-12-09 09:41:07
Error:2023-12-09 09:41:07
Error:2023-12-09 09:41:07
Error:2023-12-09 09:41:07
Error:2023-12-09 09:41:07
Error:2023-12-09 09:41:07
Error:2023-12-09 09:41:07
Error:2023-12-09 09:41:08
Error:2023-12-09 09:41:08
Error:2023-12-09 09:41:08
Error:2023-12-09 09:41:08
Error:2023-12-09 09:41:08
Error:2023-12-09 09:41:08
Error:2023-12-09 09:41:08
Error:2023-12-09 09:41:08
Error:2023-12-09 09:41:08
Error:2023-12-09 09:41:08
Error:2023-12-09 09:41:09
Error:2023-12-09 09:41:09
Error:2023-12-09 09:41:09
Error:2023-12-09 09:41:09
Error:2023-12-09 09:41:09
Error:2023-12-09 09:41:09
Error:2023-12-09 09:41:09
Error:2023-12-09 09:41:09
Error:2023-12-09 09:41:09
Error:2023-12-09 09:41:10
Error:2023-12-09 09:41:10
Error:2023-12-09 09:41:10
Error:2023-12-09 09:41:10
Error:2023-12-09 09:41:10
Error:2023-12-09 09:41:10
Error:2023-12-09 09:41:10
Error:2023-12-09 09:41:10
Error:2023-12-09 09:41:10
Error:2023-12-09 09:41:10
Error:2023-12-09 09:41:10
Error:2023-12-09 09:41:10
Error:2023-12-09 09:41:11
Error:2023-12-09 09:41:11
Error:2023-12-09 09:41:11
Error:2023-12-09 09:41:11
Error:2023-12-09 09:41:11
Error:2023-12-09 09:41:11
Error:2023-12-09 09:41:11
Error:2023-12-09 09:41:11
Error:2023-12-09 09:41:11
Error:2023-12-09 09:41:11
Error:2023-12-09 09:41:11
Error:2023-12-09 09:41:12
Error:2023-12-09 09:41:12
Error:2023-12-09 09:41:52
Error:2023-12-09 09:41:52
Error:2023-12-09 09:41:52
Error:2023-12-09 09:41:52
Error:2023-12-09 09:41:52
Error:2023-12-09 09:41:52
Error:2023-12-09 09:41:52
Error:2023-12-09 09:41:52
Error:2023-12-09 09:41:52
Error:2023-12-09 09:41:52
Error:2023-12-09 09:41:52
Error:2023-12-09 09:41:52
Error:2023-12-09 09:41:52
Error:2023-12-09 09:41:52
Error:2023-12-09 09:41:52
Error:2023-12-09 09:41:52
Error:2023-12-09 09:41:52
Error:2023-12-09 09:41:52
Error:2023-12-09 09:41:52
Error:2023-12-09 09:41:52
Error:2023-12-09 09:41:53
Error:2023-12-09 09:41:53
Error:2023-12-09 09:41:53
Error:2023-12-09 09:41:53
Error:2023-12-09 09:41:53
Error:2023-12-09 09:41:53
Error:2023-12-09 09:41:53
Error:2023-12-09 09:41:53
Error:2023-12-09 09:41:53
Error:2023-12-09 09:41:53
Error:2023-12-09 09:41:53
Error:2023-12-09 09:41:53
Error:2023-12-09 09:41:53
Error:2023-12-09 09:41:53
Error:2023-12-09 09:41:53
Error:2023-12-09 09:41:53
Error:2023-12-09 09:41:53
Error:2023-12-09 09:41:53
Error:2023-12-09 09:41:53
Error:2023-12-09 09:41:53
Error:2023-12-09 09:41:53
Error:2023-12-09 09:41:54
Error:2023-12-09 09:41:54
Error:2023-12-09 09:41:54
Error:2023-12-09 09:41:54
Error:2023-12-09 09:41:54
Error:2023-12-09 09:41:54
Error:2023-12-09 09:41:54
Error:2023-12-09 09:41:54
Error:2023-12-09 09:41:54
Error:2023-12-09 09:41:54
Error:2023-12-09 09:41:54
Error:2023-12-09 09:41:54
Error:2023-12-09 09:41:54
Error:2023-12-09 09:41:54
Error:2023-12-09 09:41:54
Error:2023-12-09 09:41:54
Error:2023-12-09 09:41:54
Error:2023-12-09 09:41:54
Error:2023-12-09 09:41:54
Error:2023-12-09 09:41:55
Error:2023-12-09 09:41:55
Error:2023-12-09 09:41:55
Error:2023-12-09 09:41:55
Error:2023-12-09 09:41:55
Error:2023-12-09 09:41:55
Error:2023-12-09 09:41:55
Error:2023-12-09 09:41:55
Error:2023-12-09 09:41:55
Error:2023-12-09 09:41:55
Error:2023-12-09 09:41:55
Error:2023-12-09 09:41:55
Error:2023-12-09 09:41:55
Error:2023-12-09 09:41:55
Error:2023-12-09 09:41:55
Error:2023-12-09 09:41:55
Error:2023-12-09 09:41:55
Error:2023-12-09 09:41:56
Error:2023-12-09 09:41:56
Error:2023-12-09 09:41:56
Error:2023-12-09 09:41:56
Error:2023-12-09 09:41:56
Error:2023-12-09 09:41:56
Error:2023-12-09 09:41:56
Error:2023-12-09 09:41:56
Error:2023-12-09 09:41:56
Error:2023-12-09 09:41:56
Error:2023-12-09 09:41:56
Error:2023-12-09 09:41:57
Error:2023-12-09 09:41:57
Error:2023-12-09 09:41:57
Error:2023-12-09 09:41:57
Error:2023-12-09 09:41:57
Error:2023-12-09 09:41:57
Error:2023-12-09 09:41:57
Error:2023-12-09 09:41:57
Error:2023-12-09 09:41:57
Error:2023-12-09 09:41:57
Error:2023-12-09 09:41:57
Error:2023-12-09 09:41:58
Error:2023-12-09 09:41:58
Error:2023-12-09 09:41:58
Error:2023-12-09 09:41:58
Error:2023-12-09 09:41:58
Error:2023-12-09 09:41:58
Error:2023-12-09 09:41:58
Error:2023-12-09 09:41:58
Error:2023-12-09 09:41:58
Error:2023-12-09 09:41:58
Error:2023-12-09 09:41:58
Error:2023-12-09 09:41:59
Error:2023-12-09 09:41:59
Error:2023-12-09 09:41:59
Error:2023-12-09 09:41:59
Error:2023-12-09 09:41:59
Error:2023-12-09 09:41:59
Error:2023-12-09 09:41:59
Error:2023-12-09 09:41:59
Error:2023-12-09 09:41:59
Error:2023-12-09 09:41:59
Error:2023-12-09 09:41:59
Error:2023-12-09 09:41:59
Error:2023-12-09 09:41:59
Error:2023-12-09 09:42:00
Error:2023-12-09 09:42:00
Error:2023-12-09 09:42:00
Error:2023-12-09 09:42:00
Error:2023-12-09 09:42:00
Error:2023-12-09 09:42:00
Error:2023-12-09 09:42:00
Error:2023-12-09 09:42:00
Error:2023-12-09 09:42:00
Error:2023-12-09 09:42:00
Error:2023-12-09 09:42:00
Error:2023-12-09 09:42:00
Error:2023-12-09 09:42:00
Error:2023-12-09 09:42:01
Error:2023-12-09 09:42:01
Error:2023-12-09 09:42:01
Error:2023-12-09 09:42:01
Error:2023-12-09 09:42:01
Error:2023-12-09 09:42:01
Error:2023-12-09 09:42:01
Error:2023-12-09 09:42:01
Error:2023-12-09 09:42:01
Error:2023-12-09 09:42:01
Error:2023-12-09 09:42:01
Error:2023-12-09 09:42:01
Error:2023-12-09 09:42:01
Error:2023-12-09 09:42:01
Error:2023-12-09 09:42:02
Error:2023-12-09 09:42:02
Error:2023-12-09 09:42:02
Error:2023-12-09 09:42:02
Error:2023-12-09 09:42:02
Error:2023-12-09 09:42:02
Error:2023-12-09 09:42:02
Error:2023-12-09 09:42:02
Error:2023-12-09 09:42:02
Error:2023-12-09 09:42:02
Error:2023-12-09 09:42:02
Error:2023-12-09 09:42:02
Error:2023-12-09 09:42:02
Error:2023-12-09 09:42:02
Error:2023-12-09 09:42:02
Error:2023-12-09 09:42:02
Error:2023-12-09 09:42:03
Error:2023-12-09 09:42:03
Error:2023-12-09 09:42:03
Error:2023-12-09 09:42:03
Error:2023-12-09 09:42:03
Error:2023-12-09 09:42:03
Error:2023-12-09 09:42:03
Error:2023-12-09 09:42:03
Error:2023-12-09 09:42:03
Error:2023-12-09 09:42:03
Error:2023-12-09 09:42:03
Error:2023-12-09 09:42:03
Error:2023-12-09 09:42:03
Error:2023-12-09 09:42:03
Error:2023-12-09 09:42:03
Error:2023-12-09 09:42:04
Error:2023-12-09 09:42:04
Error:2023-12-09 09:42:04
Error:2023-12-09 09:42:04
Error:2023-12-09 09:42:04
Error:2023-12-09 09:42:04
Error:2023-12-09 09:42:04
Error:2023-12-09 09:42:04
Error:2023-12-09 09:42:04
Error:2023-12-09 09:42:04
Error:2023-12-09 09:42:04
Error:2023-12-09 09:42:04
Error:2023-12-09 09:42:04
Error:2023-12-09 09:42:04
Error:2023-12-09 09:42:04
Error:2023-12-09 09:42:04
Error:2023-12-09 09:42:05
Error:2023-12-09 09:42:05
Error:2023-12-09 09:42:05
Error:2023-12-09 09:42:05
Error:2023-12-09 09:42:05
Error:2023-12-09 09:42:05
Error:2023-12-09 09:42:05
Error:2023-12-09 09:42:05
Error:2023-12-09 09:45:50
Error:2023-12-09 09:47:41
Error:2023-12-09 09:47:54
Error:2023-12-09 09:47:54
Error:2023-12-09 10:16:17
Model: lightgbm (model 1) - Predicted_Value:>50K - Date:2023-12-09 10:17:38
Error:2023-12-09 10:17:43
Error:2023-12-09 10:18:34
Error:2023-12-09 10:20:01
Error:2023-12-09 10:24:06
Error:2023-12-09 10:26:19
Error:2023-12-09 10:29:16
Error:2023-12-09 10:29:16
Error:2023-12-09 10:29:16
Error:2023-12-09 10:29:16
Error:2023-12-09 10:29:16
Error:2023-12-09 10:29:16
Model: lightgbm (model 1) - Predicted_Value:>50K - Date:2023-12-09 10:29:40
Error:2023-12-09 10:29:50
Error:2023-12-09 10:31:55
Error:2023-12-09 10:32:06
Error:2023-12-09 10:35:19
Model: lightgbm (model 1) - Predicted_Value:>50K - Date:2023-12-09 10:39:37
Model: lightgbm (model 2) - Predicted_Value:>50K - Date:2023-12-09 10:39:49
Error:2023-12-09 10:40:09
Model: lightgbm (model 1) - Predicted_Value:>50K - Date:2023-12-10 08:04:36
Model: lightgbm (model 2) - Predicted_Value:>50K - Date:2023-12-10 08:04:42
Model: lightgbm (model 3) - Predicted_Value:>50K - Date:2023-12-10 08:04:45
Error:2023-12-10 08:04:59
Error:2023-12-10 08:05:04
Error:2023-12-10 08:07:39
Model: lightgbm for batches (model 2) - Predicted_Value:>50K - Date:2023-12-10 08:08:08
Model: lightgbm for batches (model 2) - Predicted_Value:>50K - Date:2023-12-10 08:08:08
Model: lightgbm for batches (model 2) - Predicted_Value:>50K - Date:2023-12-10 08:08:09
Error:2023-12-10 08:08:49
Error:2023-12-10 08:11:38
Error:2023-12-10 08:12:08
Model: lightgbm for batches (model 2) - Predicted_Value:>50K - Date:2023-12-10 08:12:26
Model: lightgbm for batches (model 2) - Predicted_Value:>50K - Date:2023-12-10 08:12:26
Model: lightgbm for batches (model 2) - Predicted_Value:>50K - Date:2023-12-10 08:12:26
Model: lightgbm for batches (model 2) - Predicted_Value:>50K - Date:2023-12-10 08:15:30
Model: lightgbm for batches (model 2) - Predicted_Value:>50K - Date:2023-12-10 08:15:31
Model: lightgbm for batches (model 2) - Predicted_Value:>50K - Date:2023-12-10 08:15:31
Model: lightgbm for batches (model 2) - Predicted_Value:>50K - Date:2023-12-10 08:15:40
Model: lightgbm for batches (model 2) - Predicted_Value:>50K - Date:2023-12-10 08:15:41
Model: lightgbm for batches (model 2) - Predicted_Value:>50K - Date:2023-12-10 08:15:41
Error:2023-12-10 08:20:50
Error:2023-12-10 08:21:43
Error:2023-12-10 08:23:20
Error:2023-12-10 08:30:01
Error:2023-12-10 08:30:28
Error:2023-12-10 08:33:13
Error:2023-12-10 08:35:14
Model: lightgbm for batches (model 2) - Predicted_Value:>50K - Date:2023-12-10 09:22:24
Model: lightgbm for batches (model 2) - Predicted_Value:>50K - Date:2023-12-10 09:22:24
Model: lightgbm for batches (model 2) - Predicted_Value:>50K - Date:2023-12-10 09:22:25
Model: lightgbm for batches (model 3) - Predicted_Value:>50K - Date:2023-12-10 09:22:34
Model: lightgbm for batches (model 3) - Predicted_Value:>50K - Date:2023-12-10 09:22:35
Model: lightgbm for batches (model 3) - Predicted_Value:>50K - Date:2023-12-10 09:22:35
Model: lightgbm for batches (model 3) - Predicted_Value:>50K - Date:2023-12-10 09:22:35
Model: lightgbm for batches (model 3) - Predicted_Value:>50K - Date:2023-12-10 09:22:36
Model: lightgbm for batches (model 3) - Predicted_Value:>50K - Date:2023-12-10 09:22:36
Model: lightgbm (model 3) - Predicted_Value:>50K - Date:2023-12-10 09:22:50
Model: lightgbm (model 1) - Predicted_Value:>50K - Date:2023-12-10 09:22:55
Model: lightgbm for batches (model 2) - Predicted_Value:>50K - Date:2023-12-10 09:44:05
Model: lightgbm for batches (model 2) - Predicted_Value:>50K - Date:2023-12-10 09:44:06
Model: lightgbm for batches (model 3) - Predicted_Value:>50K - Date:2023-12-10 09:46:01
Model: lightgbm for batches (model 3) - Predicted_Value:>50K - Date:2023-12-10 09:46:02
Model: lightgbm for batches (model 3) - Predicted_Value:>50K - Date:2023-12-10 09:46:02
Model: lightgbm for batches (model 3) - Predicted_Value:>50K - Date:2023-12-10 09:48:44
Model: lightgbm for batches (model 3) - Predicted_Value:>50K - Date:2023-12-10 09:48:44
Model: lightgbm for batches (model 3) - Predicted_Value:>50K - Date:2023-12-10 09:48:45
Error:2023-12-10 09:57:42
Model: lightgbm for batches (model 2) - Predicted_Value:>50K - Date:2023-12-10 10:04:55
Model: lightgbm for batches (model 2) - Predicted_Value:>50K - Date:2023-12-10 10:04:56
Model: lightgbm for batches (model 2) - Predicted_Value:>50K - Date:2023-12-10 10:04:56
Model: lightgbm for batches (model 2) - Predicted_Value:>50K - Date:2023-12-10 10:04:56
Error:2023-12-10 10:04:56
Model: lightgbm for batches (model 2) - Predicted_Value:>50K - Date:2023-12-10 10:07:02
Model: lightgbm for batches (model 2) - Predicted_Value:>50K - Date:2023-12-10 10:07:02
Model: lightgbm for batches (model 2) - Predicted_Value:>50K - Date:2023-12-10 10:07:02
Model: lightgbm for batches (model 2) - Predicted_Value:>50K - Date:2023-12-10 10:07:03
Model: lightgbm for batches (model 2) - Predicted_Value:>50K - Date:2023-12-10 10:07:03
Error:2023-12-10 10:07:03
Model: lightgbm (model 3) - Predicted_Value:>50K - Date:2023-12-10 10:07:50
Model: lightgbm (model 1) - Predicted_Value:>50K - Date:2023-12-10 10:08:02
Model: lightgbm (model 3) - Predicted_Value:>50K - Date:2023-12-10 10:09:13
Model: lightgbm (model 3) - Predicted_Value:>50K - Date:2023-12-10 10:10:27
Model: lightgbm (model 3) - Predicted_Value:>50K - Date:2023-12-10 10:12:50
Model: lightgbm (model 2) - Predicted_Value:>50K - Date:2023-12-10 10:13:14
Model: lightgbm (model 1) - Predicted_Value:>50K - Date:2023-12-10 10:19:02
Model: lightgbm (model 1) - Predicted_Value:>50K - Date:2023-12-10 11:07:23
Model: lightgbm (model 3) - Predicted_Value:>50K - Date:2023-12-10 11:07:28
Model: lightgbm (model 2) - Predicted_Value:>50K - Date:2023-12-10 11:07:31
Model: lightgbm (model 3) - Predicted_Value:>50K - Date:2023-12-10 11:07:56
Model: lightgbm (model 3) - Predicted_Value:>50K - Date:2023-12-10 11:08:13
Model: lightgbm (model 3) - Predicted_Value:>50K - Date:2023-12-10 11:08:17
Model: lightgbm (model 3) - Predicted_Value:>50K - Date:2023-12-10 11:08:26
Model: lightgbm (model 1) - Predicted_Value:>50K - Date:2023-12-10 11:12:50
